dib/build/intermediates/manifest_merge_blame_file/debug/manifest-merger-blame-debug-report.txt
1<?xml version="1.0" encoding="utf-8"?>
2<manifest xmlns:android="http://schemas.android.com/apk/res/android"
3    package="com.appindesign.dib"
4    android:versionCode="7"
5    android:versionName="1.7" > <!-- API 14 is required for beam -->
6    <uses-sdk
6-->src\main\AndroidManifest.xml:8:5-47
7        android:minSdkVersion="8"
7-->src\main\AndroidManifest.xml:8:5-47
8        android:targetSdkVersion="29" />
8-->src\main\AndroidManifest.xml:8:15-44
9
10    <!-- PERMISSIONS -->
11    <uses-permission android:name="android.permission.NFC" />
11-->src\main\AndroidManifest.xml:11:5-62
11-->src\main\AndroidManifest.xml:11:22-59
12    <uses-permission android:name="android.permission.WAKE_LOCK" />
12-->src\main\AndroidManifest.xml:12:5-68
12-->src\main\AndroidManifest.xml:12:22-65
13    <uses-permission android:name="com.android.vending.BILLING" />
13-->src\main\AndroidManifest.xml:13:5-67
13-->src\main\AndroidManifest.xml:13:22-64
14    <uses-permission android:name="android.permission.INTERNET" />
14-->src\main\AndroidManifest.xml:14:5-67
14-->src\main\AndroidManifest.xml:14:22-64
15    <uses-permission android:name="android.permission.ACCESS_NETWORK_STATE" />
15-->src\main\AndroidManifest.xml:16:5-79
15-->src\main\AndroidManifest.xml:16:22-76
16    <uses-permission android:name="android.permission.SEND_SMS" />
16-->src\main\AndroidManifest.xml:17:5-67
16-->src\main\AndroidManifest.xml:17:22-64
17
18    <!-- FEATURES -->
19    <uses-feature
19-->src\main\AndroidManifest.xml:20:5-82
20        android:name="android.hardware.nfc"
20-->src\main\AndroidManifest.xml:20:19-54
21        android:required="false" />
21-->src\main\AndroidManifest.xml:20:55-79
22    <uses-feature
22-->src\main\AndroidManifest.xml:21:5-87
23        android:name="android.hardware.telephony"
23-->src\main\AndroidManifest.xml:21:19-60
24        android:required="false" />
24-->src\main\AndroidManifest.xml:21:61-85
25    <uses-feature
25-->src\main\AndroidManifest.xml:22:5-84
26        android:name="android.hardware.camera"
26-->src\main\AndroidManifest.xml:22:19-57
27        android:required="false" />
27-->src\main\AndroidManifest.xml:22:58-82
28
29    <supports-screens
29-->src\main\AndroidManifest.xml:24:5-138
30        android:largeScreens="true"
30-->src\main\AndroidManifest.xml:24:23-50
31        android:normalScreens="true"
31-->src\main\AndroidManifest.xml:24:51-79
32        android:smallScreens="true"
32-->src\main\AndroidManifest.xml:24:80-107
33        android:xlargeScreens="true" />
33-->src\main\AndroidManifest.xml:24:108-136
34
35    <!-- APPLICATION -->
36    <application
36-->src\main\AndroidManifest.xml:27:5-66:19
37        android:allowBackup="true"
37-->src\main\AndroidManifest.xml:28:9-35
38        android:debuggable="true"
39        android:icon="@drawable/ic_dib"
39-->src\main\AndroidManifest.xml:29:9-40
40        android:label="@string/app_name"
40-->src\main\AndroidManifest.xml:30:9-41
41        android:theme="@style/AppTheme"
41-->src\main\AndroidManifest.xml:32:9-40
42        android:usesCleartextTraffic="true" >
42-->src\main\AndroidManifest.xml:31:9-44
43
44        <!-- MAIN ACTIVITY -->
45        <activity
45-->src\main\AndroidManifest.xml:35:9-50:20
46            android:name="com.appindesign.dib.Dib"
46-->src\main\AndroidManifest.xml:36:13-51
47            android:label="@string/app_name"
47-->src\main\AndroidManifest.xml:37:13-45
48            android:launchMode="singleTask" >
48-->src\main\AndroidManifest.xml:38:13-44
49
50            <!-- android:screenOrientation="portrait" -->
51
52            <intent-filter>
52-->src\main\AndroidManifest.xml:41:13-44:29
53                <action android:name="android.intent.action.MAIN" />
53-->src\main\AndroidManifest.xml:42:17-69
53-->src\main\AndroidManifest.xml:42:25-66
54
55                <category android:name="android.intent.category.LAUNCHER" />
55-->src\main\AndroidManifest.xml:43:17-77
55-->src\main\AndroidManifest.xml:43:27-74
56            </intent-filter>
57            <intent-filter>
57-->src\main\AndroidManifest.xml:45:13-49:29
58                <action android:name="android.nfc.action.NDEF_DISCOVERED" />
58-->src\main\AndroidManifest.xml:46:17-77
58-->src\main\AndroidManifest.xml:46:25-74
59
60                <category android:name="android.intent.category.DEFAULT" />
60-->src\main\AndroidManifest.xml:47:17-76
60-->src\main\AndroidManifest.xml:47:27-73
61
62                <data android:mimeType="application/vnd.com.appindesign.dib" />
62-->src\main\AndroidManifest.xml:48:17-80
62-->src\main\AndroidManifest.xml:48:23-77
63            </intent-filter>
64        </activity>
65
66        <!-- PREFERENCES ACTIVITY -->
67        <activity
67-->src\main\AndroidManifest.xml:53:9-61:20
68            android:name="com.appindesign.dib.Preferences"
68-->src\main\AndroidManifest.xml:54:13-59
69            android:label="@string/prefstitle"
69-->src\main\AndroidManifest.xml:55:13-47
70            android:screenOrientation="portrait" >
70-->src\main\AndroidManifest.xml:56:13-49
71            <intent-filter>
71-->src\main\AndroidManifest.xml:57:13-60:29
72                <action android:name="com.appindesign.dibber" />
72-->src\main\AndroidManifest.xml:58:17-65
72-->src\main\AndroidManifest.xml:58:25-62
73
74                <category android:name="android.intent.category.DEFAULT" />
74-->src\main\AndroidManifest.xml:47:17-76
74-->src\main\AndroidManifest.xml:47:27-73
75            </intent-filter>
76        </activity>
77
78        <provider
78-->src\main\AndroidManifest.xml:63:9-65:68
79            android:name="com.appindesign.dib.LocalStore"
79-->src\main\AndroidManifest.xml:64:13-58
80            android:authorities="com.appindesign.dib.LocalStore" />
80-->src\main\AndroidManifest.xml:65:13-65
81    </application>
82
83</manifest>